# JRE version: OpenJDK Runtime Environment (21.0.7) (build 21.0.7+-13880790-b1038.58)
# Java VM: OpenJDK 64-Bit Server VM (21.0.7+-13880790-b1038.58, mixed mode, tiered, compressed oops, compressed class ptrs, g1 gc, windows-amd64)
GC Precious Log:
 CardTable entry size: 512
 Card Set container configuration: InlinePtr #cards 5 size 8 Array Of Cards #cards 12 size 40 Howl #buckets 4 coarsen threshold 1843 Howl Bitmap #cards 512 size 80 coarsen threshold 460 Card regions per heap region 1 cards per card region 2048
 CPUs: 20 total, 20 available
 Memory: 11995M
 Large Page Support: Disabled
 NUMA Support: Disabled
 Compressed Oops: Enabled (32-bit)
 Heap Region Size: 1M
 Heap Min Capacity: 8M
 Heap Initial Capacity: 188M
 Heap Max Capacity: 2G
 Pre-touch: Disabled
 Parallel Workers: 15
 Concurrent Workers: 4
 Concurrent Refinement Workers: 15
 Periodic GC: Disabled
Heap:
 garbage-first heap   total 293888K, used 177225K [0x0000000080000000, 0x0000000100000000)
  region size 1024K, 7 young (7168K), 7 survivors (7168K)
 Metaspace       used 117507K, committed 119744K, reserved 1179648K
  class space    used 15930K, committed 17024K, reserved 1048576K
GC Heap History (20 events):
Event: 4.932 GC heap after
{Heap after GC invocations=26 (full 0):
 garbage-first heap   total 171008K, used 102100K [0x0000000080000000, 0x0000000100000000)
  region size 1024K, 4 young (4096K), 4 survivors (4096K)
 Metaspace       used 69667K, committed 71296K, reserved 1114112K
  class space    used 9510K, committed 10304K, reserved 1048576K
}
Event: 5.312 GC heap before
{Heap before GC invocations=26 (full 0):
 garbage-first heap   total 171008K, used 156372K [0x0000000080000000, 0x0000000100000000)
  region size 1024K, 57 young (58368K), 4 survivors (4096K)
 Metaspace       used 76592K, committed 78336K, reserved 1179648K
  class space    used 10554K, committed 11392K, reserved 1048576K
}
Event: 5.315 GC heap after
{Heap after GC invocations=27 (full 0):
 garbage-first heap   total 171008K, used 104222K [0x0000000080000000, 0x0000000100000000)
  region size 1024K, 6 young (6144K), 6 survivors (6144K)
 Metaspace       used 76592K, committed 78336K, reserved 1179648K
  class space    used 10554K, committed 11392K, reserved 1048576K
}
Event: 5.842 GC heap before
{Heap before GC invocations=27 (full 0):
 garbage-first heap   total 171008K, used 154398K [0x0000000080000000, 0x0000000100000000)
  region size 1024K, 55 young (56320K), 6 survivors (6144K)
 Metaspace       used 80948K, committed 82816K, reserved 1179648K
  class space    used 11208K, committed 12160K, reserved 1048576K
}
Event: 5.846 GC heap after
{Heap after GC invocations=28 (full 0):
 garbage-first heap   total 171008K, used 108906K [0x0000000080000000, 0x0000000100000000)
  region size 1024K, 7 young (7168K), 7 survivors (7168K)
 Metaspace       used 80948K, committed 82816K, reserved 1179648K
  class space    used 11208K, committed 12160K, reserved 1048576K
}
Event: 6.019 GC heap before
{Heap before GC invocations=29 (full 0):
 garbage-first heap   total 183296K, used 151914K [0x0000000080000000, 0x0000000100000000)
  region size 1024K, 50 young (51200K), 7 survivors (7168K)
 Metaspace       used 81450K, committed 83328K, reserved 1179648K
  class space    used 11212K, committed 12160K, reserved 1048576K
}
Event: 6.023 GC heap after
{Heap after GC invocations=30 (full 0):
 garbage-first heap   total 183296K, used 113638K [0x0000000080000000, 0x0000000100000000)
  region size 1024K, 5 young (5120K), 5 survivors (5120K)
 Metaspace       used 81450K, committed 83328K, reserved 1179648K
  class space    used 11212K, committed 12160K, reserved 1048576K
}
Event: 6.105 GC heap before
{Heap before GC invocations=30 (full 0):
 garbage-first heap   total 183296K, used 165862K [0x0000000080000000, 0x0000000100000000)
  region size 1024K, 57 young (58368K), 5 survivors (5120K)
 Metaspace       used 81538K, committed 83392K, reserved 1179648K
  class space    used 11212K, committed 12160K, reserved 1048576K
}
Event: 6.108 GC heap after
{Heap after GC invocations=31 (full 0):
 garbage-first heap   total 220160K, used 114585K [0x0000000080000000, 0x0000000100000000)
  region size 1024K, 6 young (6144K), 6 survivors (6144K)
 Metaspace       used 81538K, committed 83392K, reserved 1179648K
  class space    used 11212K, committed 12160K, reserved 1048576K
}
Event: 6.564 GC heap before
{Heap before GC invocations=31 (full 0):
 garbage-first heap   total 220160K, used 199577K [0x0000000080000000, 0x0000000100000000)
  region size 1024K, 90 young (92160K), 6 survivors (6144K)
 Metaspace       used 89259K, committed 91136K, reserved 1179648K
  class space    used 12610K, committed 13568K, reserved 1048576K
}
Event: 6.568 GC heap after
{Heap after GC invocations=32 (full 0):
 garbage-first heap   total 220160K, used 117632K [0x0000000080000000, 0x0000000100000000)
  region size 1024K, 9 young (9216K), 9 survivors (9216K)
 Metaspace       used 89259K, committed 91136K, reserved 1179648K
  class space    used 12610K, committed 13568K, reserved 1048576K
}
Event: 6.990 GC heap before
{Heap before GC invocations=32 (full 0):
 garbage-first heap   total 220160K, used 179072K [0x0000000080000000, 0x0000000100000000)
  region size 1024K, 70 young (71680K), 9 survivors (9216K)
 Metaspace       used 98029K, committed 99904K, reserved 1179648K
  class space    used 13717K, committed 14656K, reserved 1048576K
}
Event: 6.995 GC heap after
{Heap after GC invocations=33 (full 0):
 garbage-first heap   total 220160K, used 119714K [0x0000000080000000, 0x0000000100000000)
  region size 1024K, 8 young (8192K), 8 survivors (8192K)
 Metaspace       used 98029K, committed 99904K, reserved 1179648K
  class space    used 13717K, committed 14656K, reserved 1048576K
}
Event: 7.208 GC heap before
{Heap before GC invocations=34 (full 0):
 garbage-first heap   total 220160K, used 214946K [0x0000000080000000, 0x0000000100000000)
  region size 1024K, 85 young (87040K), 8 survivors (8192K)
 Metaspace       used 98372K, committed 100416K, reserved 1179648K
  class space    used 13720K, committed 14656K, reserved 1048576K
}
Event: 7.221 GC heap after
{Heap after GC invocations=35 (full 0):
 garbage-first heap   total 247808K, used 151552K [0x0000000080000000, 0x0000000100000000)
  region size 1024K, 11 young (11264K), 11 survivors (11264K)
 Metaspace       used 98372K, committed 100416K, reserved 1179648K
  class space    used 13720K, committed 14656K, reserved 1048576K
}
Event: 7.614 GC heap before
{Heap before GC invocations=35 (full 0):
 garbage-first heap   total 247808K, used 234496K [0x0000000080000000, 0x0000000100000000)
  region size 1024K, 76 young (77824K), 11 survivors (11264K)
 Metaspace       used 102785K, committed 104704K, reserved 1179648K
  class space    used 14239K, committed 15168K, reserved 1048576K
}
Event: 7.622 GC heap after
{Heap after GC invocations=36 (full 0):
 garbage-first heap   total 259072K, used 170182K [0x0000000080000000, 0x0000000100000000)
  region size 1024K, 10 young (10240K), 10 survivors (10240K)
 Metaspace       used 102785K, committed 104704K, reserved 1179648K
  class space    used 14239K, committed 15168K, reserved 1048576K
}
Event: 7.986 GC heap before
{Heap before GC invocations=36 (full 0):
 garbage-first heap   total 259072K, used 230598K [0x0000000080000000, 0x0000000100000000)
  region size 1024K, 69 young (70656K), 10 survivors (10240K)
 Metaspace       used 109869K, committed 111936K, reserved 1179648K
  class space    used 14963K, committed 16000K, reserved 1048576K
}
Event: 7.990 GC heap after
{Heap after GC invocations=37 (full 0):
 garbage-first heap   total 259072K, used 175879K [0x0000000080000000, 0x0000000100000000)
  region size 1024K, 5 young (5120K), 5 survivors (5120K)
 Metaspace       used 109869K, committed 111936K, reserved 1179648K
  class space    used 14963K, committed 16000K, reserved 1048576K
}
Event: 8.372 GC heap before
{Heap before GC invocations=38 (full 0):
 garbage-first heap   total 293888K, used 233223K [0x0000000080000000, 0x0000000100000000)
  region size 1024K, 62 young (63488K), 5 survivors (5120K)
 Metaspace       used 117507K, committed 119744K, reserved 1179648K
  class space    used 15930K, committed 17024K, reserved 1048576K
}

